# JRE version: OpenJDK Runtime Environment (11.0.11+9) (build 11.0.11+9-b60-7590822)
# Java VM: OpenJDK 64-Bit Server VM (11.0.11+9-b60-7590822, mixed mode, tiered, compressed oops, g1 gc, windows-amd64)
Heap:
 garbage-first heap   total 260096K, used 30761K [0x0000000080000000, 0x0000000100000000)
  region size 1024K, 15 young (15360K), 12 survivors (12288K)
 Metaspace       used 41017K, capacity 41989K, committed 42140K, reserved 1091584K
  class space    used 5258K, capacity 5615K, committed 5632K, reserved 1048576K
GC Heap History (14 events):
Event: 3.910 GC heap before
{Heap before GC invocations=0 (full 0):
 garbage-first heap   total 260096K, used 19456K [0x0000000080000000, 0x0000000100000000)
  region size 1024K, 14 young (14336K), 0 survivors (0K)
 Metaspace       used 6740K, capacity 6925K, committed 7168K, reserved 1056768K
  class space    used 582K, capacity 650K, committed 768K, reserved 1048576K
}
Event: 3.961 GC heap after
{Heap after GC invocations=1 (full 0):
 garbage-first heap   total 260096K, used 7891K [0x0000000080000000, 0x0000000100000000)
  region size 1024K, 2 young (2048K), 2 survivors (2048K)
 Metaspace       used 6740K, capacity 6925K, committed 7168K, reserved 1056768K
  class space    used 582K, capacity 650K, committed 768K, reserved 1048576K
}
Event: 4.913 GC heap before
{Heap before GC invocations=1 (full 0):
 garbage-first heap   total 260096K, used 19155K [0x0000000080000000, 0x0000000100000000)
  region size 1024K, 13 young (13312K), 2 survivors (2048K)
 Metaspace       used 9890K, capacity 10118K, committed 10368K, reserved 1058816K
  class space    used 1028K, capacity 1102K, committed 1152K, reserved 1048576K
}
Event: 4.916 GC heap after
{Heap after GC invocations=2 (full 0):
 garbage-first heap   total 260096K, used 9467K [0x0000000080000000, 0x0000000100000000)
  region size 1024K, 2 young (2048K), 2 survivors (2048K)
 Metaspace       used 9890K, capacity 10118K, committed 10368K, reserved 1058816K
  class space    used 1028K, capacity 1102K, committed 1152K, reserved 1048576K
}
Event: 7.951 GC heap before
{Heap before GC invocations=2 (full 0):
 garbage-first heap   total 260096K, used 40187K [0x0000000080000000, 0x0000000100000000)
  region size 1024K, 31 young (31744K), 2 survivors (2048K)
 Metaspace       used 10845K, capacity 11073K, committed 11264K, reserved 1058816K
  class space    used 1131K, capacity 1207K, committed 1280K, reserved 1048576K
}
Event: 7.953 GC heap after
{Heap after GC invocations=3 (full 0):
 garbage-first heap   total 260096K, used 12363K [0x0000000080000000, 0x0000000100000000)
  region size 1024K, 4 young (4096K), 4 survivors (4096K)
 Metaspace       used 10845K, capacity 11073K, committed 11264K, reserved 1058816K
  class space    used 1131K, capacity 1207K, committed 1280K, reserved 1048576K
}
Event: 17.118 GC heap before
{Heap before GC invocations=3 (full 0):
 garbage-first heap   total 260096K, used 60491K [0x0000000080000000, 0x0000000100000000)
  region size 1024K, 51 young (52224K), 4 survivors (4096K)
 Metaspace       used 18506K, capacity 18932K, committed 19072K, reserved 1067008K
  class space    used 2201K, capacity 2318K, committed 2432K, reserved 1048576K
}
Event: 17.124 GC heap after
{Heap after GC invocations=4 (full 0):
 garbage-first heap   total 260096K, used 16875K [0x0000000080000000, 0x0000000100000000)
  region size 1024K, 7 young (7168K), 7 survivors (7168K)
 Metaspace       used 18506K, capacity 18932K, committed 19072K, reserved 1067008K
  class space    used 2201K, capacity 2318K, committed 2432K, reserved 1048576K
}
Event: 18.920 GC heap before
{Heap before GC invocations=4 (full 0):
 garbage-first heap   total 260096K, used 36331K [0x0000000080000000, 0x0000000100000000)
  region size 1024K, 27 young (27648K), 7 survivors (7168K)
 Metaspace       used 20693K, capacity 21099K, committed 21296K, reserved 1069056K
  class space    used 2529K, capacity 2657K, committed 2688K, reserved 1048576K
}
Event: 18.929 GC heap after
{Heap after GC invocations=5 (full 0):
 garbage-first heap   total 260096K, used 17128K [0x0000000080000000, 0x0000000100000000)
  region size 1024K, 5 young (5120K), 5 survivors (5120K)
 Metaspace       used 20693K, capacity 21099K, committed 21296K, reserved 1069056K
  class space    used 2529K, capacity 2657K, committed 2688K, reserved 1048576K
}
Event: 20.311 GC heap before
{Heap before GC invocations=6 (full 0):
 garbage-first heap   total 260096K, used 71400K [0x0000000080000000, 0x0000000100000000)
  region size 1024K, 58 young (59392K), 5 survivors (5120K)
 Metaspace       used 26157K, capacity 26698K, committed 27008K, reserved 1073152K
  class space    used 3410K, capacity 3615K, committed 3712K, reserved 1048576K
}
Event: 20.318 GC heap after
{Heap after GC invocations=7 (full 0):
 garbage-first heap   total 260096K, used 19305K [0x0000000080000000, 0x0000000100000000)
  region size 1024K, 3 young (3072K), 3 survivors (3072K)
 Metaspace       used 26157K, capacity 26698K, committed 27008K, reserved 1073152K
  class space    used 3410K, capacity 3615K, committed 3712K, reserved 1048576K
}
Event: 22.433 GC heap before
{Heap before GC invocations=7 (full 0):
 garbage-first heap   total 260096K, used 77673K [0x0000000080000000, 0x0000000100000000)
  region size 1024K, 61 young (62464K), 3 survivors (3072K)
 Metaspace       used 35099K, capacity 35918K, committed 36048K, reserved 1081344K
  class space    used 4556K, capacity 4863K, committed 4864K, reserved 1048576K
}
Event: 22.444 GC heap after
{Heap after GC invocations=8 (full 0):
 garbage-first heap   total 260096K, used 22672K [0x0000000080000000, 0x0000000100000000)
  region size 1024K, 7 young (7168K), 7 survivors (7168K)
 Metaspace       used 35099K, capacity 35918K, committed 36048K, reserved 1081344K
  class space    used 4556K, capacity 4863K, committed 4864K, reserved 1048576K
}

